# 2013-02-08 00:29:26:984 [_search] ([:saints])
#
curl -X GET 'http://localhost:9200/saints/_search?pretty' -d '{
  "query": {
    "bool": {
      "must": [
        {
          "query_string": {
            "query": "*Mary*"
          }
        }
      ]
    }
  },
  "facets": {
    "current-tags": {
      "terms": {
        "field": "attribs",
        "size": 10,
        "all_terms": false
      }
    }
  },
  "fields": [
    "id",
    "name",
    "symbol",
    "attribs"
  ]
}'

# 2013-02-08 00:29:26:984 [200] (2 msec)
#
# {
#   "took": 2,
#   "timed_out": false,
#   "_shards": {
#     "total": 5,
#     "successful": 5,
#     "failed": 0
#   },
#   "hits": {
#     "total": 3,
#     "max_score": 1.0,
#     "hits": [
#       {
#         "_index": "saints",
#         "_type": "document",
#         "_id": "16",
#         "_score": 1.0,
#         "fields": {
#           "id": 16,
#           "symbol": "MMdPazz",
#           "name": "Mary Magdalene dei Pazzi",
#           "attribs": [
#             "worldregion_weur",
#             "consecratedlife_carmelite",
#             "gender_female",
#             "saintstatus_canonized",
#             "vocation_nun",
#             "superpower_stigmata",
#             "periodeurocentric_renaissance",
#             "feastmonth_may",
#             "graces_charity",
#             "lifeexperience_temptation",
#             "lifeexperience_physsuff",
#             "occupationsector_reli",
#             "superpower_ecstasy",
#             "century_16th",
#             "graces_humility",
#             "graces_meekness",
#             "graces_mortification",
#             "graces_obedience",
#             "graces_patience"
#           ]
#         }
#       },
#       {
#         "_index": "saints",
#         "_type": "document",
#         "_id": "13",
#         "_score": 1.0,
#         "fields": {
#           "id": 13,
#           "symbol": "TerAvil",
#           "name": "Teresa of Avila",
#           "attribs": [
#             "worldregion_weur",
#             "consecratedlife_carmelite",
#             "lifeexperience_conversion",
#             "superpower_levitation",
#             "lifeexperience_darknight",
#             "gender_female",
#             "saintstatus_canonized",
#             "vocation_nun",
#             "superpower_visionary",
#             "periodeurocentric_earlymiddle",
#             "saintstatus_doctor",
#             "superpower_incoruptible",
#             "occupationsector_reli",
#             "feastmonth_oct",
#             "century_16th",
#             "graces_obedience",
#             "graces_patience",
#             "graces_prayer"
#           ]
#         }
#       },
#       {
#         "_index": "saints",
#         "_type": "document",
#         "_id": "18",
#         "_score": 1.0,
#         "fields": {
#           "id": 18,
#           "symbol": "MMoG",
#           "name": "Mary Mother of God",
#           "attribs": [
#             "century_1st",
#             "feastmonth_jan",
#             "gender_male",
#             "periodeurocentric_earlychurch",
#             "worldregion_weur",
#             "vocation_laymarried",
#             "graces_chastity",
#             "occupationsector_home",
#             "graces_hope",
#             "graces_humility",
#             "graces_love",
#             "graces_mortification",
#             "graces_obedience",
#             "graces_patience",
#             "graces_prayer"
#           ]
#         }
#       }
#     ]
#   },
#   "facets": {
#     "current-tags": {
#       "_type": "terms",
#       "missing": 0,
#       "total": 52,
#       "other": 35,
#       "terms": [
#         {
#           "term": "worldregion_weur",
#           "count": 3
#         },
#         {
#           "term": "graces_patience",
#           "count": 3
#         },
#         {
#           "term": "vocation_nun",
#           "count": 2
#         },
#         {
#           "term": "graces_prayer",
#           "count": 2
#         },
#         {
#           "term": "graces_obedience",
#           "count": 2
#         },
#         {
#           "term": "vocation_laymarried",
#           "count": 1
#         },
#         {
#           "term": "superpower_visionary",
#           "count": 1
#         },
#         {
#           "term": "superpower_stigmata",
#           "count": 1
#         },
#         {
#           "term": "superpower_levitation",
#           "count": 1
#         },
#         {
#           "term": "superpower_incoruptible",
#           "count": 1
#         }
#       ]
#     }
#   }
# }

# 2013-02-08 00:31:00:399 [_search] ([:saints])
#
curl -X GET 'http://localhost:9200/saints/_search?pretty' -d '{
  "query": {
    "bool": {
      "must": [
        {
          "query_string": {
            "query": "*Mary*"
          }
        }
      ]
    }
  },
  "facets": {
    "current-tags": {
      "terms": {
        "field": "attribs",
        "size": 10,
        "all_terms": false
      }
    }
  },
  "fields": [
    "id",
    "name",
    "symbol",
    "attribs"
  ]
}'

# 2013-02-08 00:31:00:399 [200] (2 msec)
#
# {
#   "took": 2,
#   "timed_out": false,
#   "_shards": {
#     "total": 5,
#     "successful": 5,
#     "failed": 0
#   },
#   "hits": {
#     "total": 3,
#     "max_score": 1.0,
#     "hits": [
#       {
#         "_index": "saints",
#         "_type": "document",
#         "_id": "16",
#         "_score": 1.0,
#         "fields": {
#           "id": 16,
#           "symbol": "MMdPazz",
#           "name": "Mary Magdalene dei Pazzi",
#           "attribs": [
#             "worldregion_weur",
#             "consecratedlife_carmelite",
#             "gender_female",
#             "saintstatus_canonized",
#             "vocation_nun",
#             "superpower_stigmata",
#             "periodeurocentric_renaissance",
#             "feastmonth_may",
#             "graces_charity",
#             "lifeexperience_temptation",
#             "lifeexperience_physsuff",
#             "occupationsector_reli",
#             "superpower_ecstasy",
#             "century_16th",
#             "graces_humility",
#             "graces_meekness",
#             "graces_mortification",
#             "graces_obedience",
#             "graces_patience"
#           ]
#         }
#       },
#       {
#         "_index": "saints",
#         "_type": "document",
#         "_id": "13",
#         "_score": 1.0,
#         "fields": {
#           "id": 13,
#           "symbol": "TerAvil",
#           "name": "Teresa of Avila",
#           "attribs": [
#             "worldregion_weur",
#             "consecratedlife_carmelite",
#             "lifeexperience_conversion",
#             "superpower_levitation",
#             "lifeexperience_darknight",
#             "gender_female",
#             "saintstatus_canonized",
#             "vocation_nun",
#             "superpower_visionary",
#             "periodeurocentric_earlymiddle",
#             "saintstatus_doctor",
#             "superpower_incoruptible",
#             "occupationsector_reli",
#             "feastmonth_oct",
#             "century_16th",
#             "graces_obedience",
#             "graces_patience",
#             "graces_prayer"
#           ]
#         }
#       },
#       {
#         "_index": "saints",
#         "_type": "document",
#         "_id": "18",
#         "_score": 1.0,
#         "fields": {
#           "id": 18,
#           "symbol": "MMoG",
#           "name": "Mary Mother of God",
#           "attribs": [
#             "century_1st",
#             "feastmonth_jan",
#             "gender_male",
#             "periodeurocentric_earlychurch",
#             "worldregion_weur",
#             "vocation_laymarried",
#             "graces_chastity",
#             "occupationsector_home",
#             "graces_hope",
#             "graces_humility",
#             "graces_love",
#             "graces_mortification",
#             "graces_obedience",
#             "graces_patience",
#             "graces_prayer"
#           ]
#         }
#       }
#     ]
#   },
#   "facets": {
#     "current-tags": {
#       "_type": "terms",
#       "missing": 0,
#       "total": 52,
#       "other": 35,
#       "terms": [
#         {
#           "term": "worldregion_weur",
#           "count": 3
#         },
#         {
#           "term": "graces_patience",
#           "count": 3
#         },
#         {
#           "term": "vocation_nun",
#           "count": 2
#         },
#         {
#           "term": "graces_prayer",
#           "count": 2
#         },
#         {
#           "term": "graces_obedience",
#           "count": 2
#         },
#         {
#           "term": "vocation_laymarried",
#           "count": 1
#         },
#         {
#           "term": "superpower_visionary",
#           "count": 1
#         },
#         {
#           "term": "superpower_stigmata",
#           "count": 1
#         },
#         {
#           "term": "superpower_levitation",
#           "count": 1
#         },
#         {
#           "term": "superpower_incoruptible",
#           "count": 1
#         }
#       ]
#     }
#   }
# }

# 2013-02-08 00:32:15:844 [_search] ([:saints])
#
curl -X GET 'http://localhost:9200/saints/_search?pretty' -d '{
  "query": {
    "bool": {
      "must": [
        {
          "query_string": {
            "query": "*Mary*"
          }
        }
      ]
    }
  },
  "facets": {
    "current-tags": {
      "terms": {
        "field": "attribs",
        "size": 10,
        "all_terms": false
      }
    }
  },
  "fields": [
    "id",
    "name",
    "symbol",
    "attribs"
  ]
}'

# 2013-02-08 00:32:15:844 [200] (2 msec)
#
# {
#   "took": 2,
#   "timed_out": false,
#   "_shards": {
#     "total": 5,
#     "successful": 5,
#     "failed": 0
#   },
#   "hits": {
#     "total": 3,
#     "max_score": 1.0,
#     "hits": [
#       {
#         "_index": "saints",
#         "_type": "document",
#         "_id": "16",
#         "_score": 1.0,
#         "fields": {
#           "id": 16,
#           "symbol": "MMdPazz",
#           "name": "Mary Magdalene dei Pazzi",
#           "attribs": [
#             "worldregion_weur",
#             "consecratedlife_carmelite",
#             "gender_female",
#             "saintstatus_canonized",
#             "vocation_nun",
#             "superpower_stigmata",
#             "periodeurocentric_renaissance",
#             "feastmonth_may",
#             "graces_charity",
#             "lifeexperience_temptation",
#             "lifeexperience_physsuff",
#             "occupationsector_reli",
#             "superpower_ecstasy",
#             "century_16th",
#             "graces_humility",
#             "graces_meekness",
#             "graces_mortification",
#             "graces_obedience",
#             "graces_patience"
#           ]
#         }
#       },
#       {
#         "_index": "saints",
#         "_type": "document",
#         "_id": "13",
#         "_score": 1.0,
#         "fields": {
#           "id": 13,
#           "symbol": "TerAvil",
#           "name": "Teresa of Avila",
#           "attribs": [
#             "worldregion_weur",
#             "consecratedlife_carmelite",
#             "lifeexperience_conversion",
#             "superpower_levitation",
#             "lifeexperience_darknight",
#             "gender_female",
#             "saintstatus_canonized",
#             "vocation_nun",
#             "superpower_visionary",
#             "periodeurocentric_earlymiddle",
#             "saintstatus_doctor",
#             "superpower_incoruptible",
#             "occupationsector_reli",
#             "feastmonth_oct",
#             "century_16th",
#             "graces_obedience",
#             "graces_patience",
#             "graces_prayer"
#           ]
#         }
#       },
#       {
#         "_index": "saints",
#         "_type": "document",
#         "_id": "18",
#         "_score": 1.0,
#         "fields": {
#           "id": 18,
#           "symbol": "MMoG",
#           "name": "Mary Mother of God",
#           "attribs": [
#             "century_1st",
#             "feastmonth_jan",
#             "gender_male",
#             "periodeurocentric_earlychurch",
#             "worldregion_weur",
#             "vocation_laymarried",
#             "graces_chastity",
#             "occupationsector_home",
#             "graces_hope",
#             "graces_humility",
#             "graces_love",
#             "graces_mortification",
#             "graces_obedience",
#             "graces_patience",
#             "graces_prayer"
#           ]
#         }
#       }
#     ]
#   },
#   "facets": {
#     "current-tags": {
#       "_type": "terms",
#       "missing": 0,
#       "total": 52,
#       "other": 35,
#       "terms": [
#         {
#           "term": "worldregion_weur",
#           "count": 3
#         },
#         {
#           "term": "graces_patience",
#           "count": 3
#         },
#         {
#           "term": "vocation_nun",
#           "count": 2
#         },
#         {
#           "term": "graces_prayer",
#           "count": 2
#         },
#         {
#           "term": "graces_obedience",
#           "count": 2
#         },
#         {
#           "term": "vocation_laymarried",
#           "count": 1
#         },
#         {
#           "term": "superpower_visionary",
#           "count": 1
#         },
#         {
#           "term": "superpower_stigmata",
#           "count": 1
#         },
#         {
#           "term": "superpower_levitation",
#           "count": 1
#         },
#         {
#           "term": "superpower_incoruptible",
#           "count": 1
#         }
#       ]
#     }
#   }
# }

# 2013-02-08 00:32:28:251 [_search] ([:saints])
#
curl -X GET 'http://localhost:9200/saints/_search?pretty' -d '{
  "query": {
    "bool": {
      "must": [
        {
          "query_string": {
            "query": "*Mary*"
          }
        }
      ]
    }
  },
  "facets": {
    "current-tags": {
      "terms": {
        "field": "attribs",
        "size": 10,
        "all_terms": false
      }
    }
  },
  "fields": [
    "id",
    "name",
    "symbol",
    "attribs"
  ]
}'

# 2013-02-08 00:32:28:251 [200] (2 msec)
#
# {
#   "took": 2,
#   "timed_out": false,
#   "_shards": {
#     "total": 5,
#     "successful": 5,
#     "failed": 0
#   },
#   "hits": {
#     "total": 3,
#     "max_score": 1.0,
#     "hits": [
#       {
#         "_index": "saints",
#         "_type": "document",
#         "_id": "16",
#         "_score": 1.0,
#         "fields": {
#           "id": 16,
#           "symbol": "MMdPazz",
#           "name": "Mary Magdalene dei Pazzi",
#           "attribs": [
#             "worldregion_weur",
#             "consecratedlife_carmelite",
#             "gender_female",
#             "saintstatus_canonized",
#             "vocation_nun",
#             "superpower_stigmata",
#             "periodeurocentric_renaissance",
#             "feastmonth_may",
#             "graces_charity",
#             "lifeexperience_temptation",
#             "lifeexperience_physsuff",
#             "occupationsector_reli",
#             "superpower_ecstasy",
#             "century_16th",
#             "graces_humility",
#             "graces_meekness",
#             "graces_mortification",
#             "graces_obedience",
#             "graces_patience"
#           ]
#         }
#       },
#       {
#         "_index": "saints",
#         "_type": "document",
#         "_id": "13",
#         "_score": 1.0,
#         "fields": {
#           "id": 13,
#           "symbol": "TerAvil",
#           "name": "Teresa of Avila",
#           "attribs": [
#             "worldregion_weur",
#             "consecratedlife_carmelite",
#             "lifeexperience_conversion",
#             "superpower_levitation",
#             "lifeexperience_darknight",
#             "gender_female",
#             "saintstatus_canonized",
#             "vocation_nun",
#             "superpower_visionary",
#             "periodeurocentric_earlymiddle",
#             "saintstatus_doctor",
#             "superpower_incoruptible",
#             "occupationsector_reli",
#             "feastmonth_oct",
#             "century_16th",
#             "graces_obedience",
#             "graces_patience",
#             "graces_prayer"
#           ]
#         }
#       },
#       {
#         "_index": "saints",
#         "_type": "document",
#         "_id": "18",
#         "_score": 1.0,
#         "fields": {
#           "id": 18,
#           "symbol": "MMoG",
#           "name": "Mary Mother of God",
#           "attribs": [
#             "century_1st",
#             "feastmonth_jan",
#             "gender_male",
#             "periodeurocentric_earlychurch",
#             "worldregion_weur",
#             "vocation_laymarried",
#             "graces_chastity",
#             "occupationsector_home",
#             "graces_hope",
#             "graces_humility",
#             "graces_love",
#             "graces_mortification",
#             "graces_obedience",
#             "graces_patience",
#             "graces_prayer"
#           ]
#         }
#       }
#     ]
#   },
#   "facets": {
#     "current-tags": {
#       "_type": "terms",
#       "missing": 0,
#       "total": 52,
#       "other": 35,
#       "terms": [
#         {
#           "term": "worldregion_weur",
#           "count": 3
#         },
#         {
#           "term": "graces_patience",
#           "count": 3
#         },
#         {
#           "term": "vocation_nun",
#           "count": 2
#         },
#         {
#           "term": "graces_prayer",
#           "count": 2
#         },
#         {
#           "term": "graces_obedience",
#           "count": 2
#         },
#         {
#           "term": "vocation_laymarried",
#           "count": 1
#         },
#         {
#           "term": "superpower_visionary",
#           "count": 1
#         },
#         {
#           "term": "superpower_stigmata",
#           "count": 1
#         },
#         {
#           "term": "superpower_levitation",
#           "count": 1
#         },
#         {
#           "term": "superpower_incoruptible",
#           "count": 1
#         }
#       ]
#     }
#   }
# }

# 2013-02-08 00:34:16:123 [_search] ([:saints])
#
curl -X GET 'http://localhost:9200/saints/_search?pretty' -d '{
  "query": {
    "bool": {
      "must": [
        {
          "query_string": {
            "query": "*Mary*"
          }
        }
      ]
    }
  },
  "facets": {
    "current-tags": {
      "terms": {
        "field": "attribs",
        "size": 10,
        "all_terms": false
      }
    }
  },
  "fields": [
    "id",
    "name",
    "symbol",
    "attribs"
  ]
}'

# 2013-02-08 00:34:16:123 [200] (2 msec)
#
# {
#   "took": 2,
#   "timed_out": false,
#   "_shards": {
#     "total": 5,
#     "successful": 5,
#     "failed": 0
#   },
#   "hits": {
#     "total": 3,
#     "max_score": 1.0,
#     "hits": [
#       {
#         "_index": "saints",
#         "_type": "document",
#         "_id": "16",
#         "_score": 1.0,
#         "fields": {
#           "id": 16,
#           "symbol": "MMdPazz",
#           "name": "Mary Magdalene dei Pazzi",
#           "attribs": [
#             "worldregion_weur",
#             "consecratedlife_carmelite",
#             "gender_female",
#             "saintstatus_canonized",
#             "vocation_nun",
#             "superpower_stigmata",
#             "periodeurocentric_renaissance",
#             "feastmonth_may",
#             "graces_charity",
#             "lifeexperience_temptation",
#             "lifeexperience_physsuff",
#             "occupationsector_reli",
#             "superpower_ecstasy",
#             "century_16th",
#             "graces_humility",
#             "graces_meekness",
#             "graces_mortification",
#             "graces_obedience",
#             "graces_patience"
#           ]
#         }
#       },
#       {
#         "_index": "saints",
#         "_type": "document",
#         "_id": "13",
#         "_score": 1.0,
#         "fields": {
#           "id": 13,
#           "symbol": "TerAvil",
#           "name": "Teresa of Avila",
#           "attribs": [
#             "worldregion_weur",
#             "consecratedlife_carmelite",
#             "lifeexperience_conversion",
#             "superpower_levitation",
#             "lifeexperience_darknight",
#             "gender_female",
#             "saintstatus_canonized",
#             "vocation_nun",
#             "superpower_visionary",
#             "periodeurocentric_earlymiddle",
#             "saintstatus_doctor",
#             "superpower_incoruptible",
#             "occupationsector_reli",
#             "feastmonth_oct",
#             "century_16th",
#             "graces_obedience",
#             "graces_patience",
#             "graces_prayer"
#           ]
#         }
#       },
#       {
#         "_index": "saints",
#         "_type": "document",
#         "_id": "18",
#         "_score": 1.0,
#         "fields": {
#           "id": 18,
#           "symbol": "MMoG",
#           "name": "Mary Mother of God",
#           "attribs": [
#             "century_1st",
#             "feastmonth_jan",
#             "gender_male",
#             "periodeurocentric_earlychurch",
#             "worldregion_weur",
#             "vocation_laymarried",
#             "graces_chastity",
#             "occupationsector_home",
#             "graces_hope",
#             "graces_humility",
#             "graces_love",
#             "graces_mortification",
#             "graces_obedience",
#             "graces_patience",
#             "graces_prayer"
#           ]
#         }
#       }
#     ]
#   },
#   "facets": {
#     "current-tags": {
#       "_type": "terms",
#       "missing": 0,
#       "total": 52,
#       "other": 35,
#       "terms": [
#         {
#           "term": "worldregion_weur",
#           "count": 3
#         },
#         {
#           "term": "graces_patience",
#           "count": 3
#         },
#         {
#           "term": "vocation_nun",
#           "count": 2
#         },
#         {
#           "term": "graces_prayer",
#           "count": 2
#         },
#         {
#           "term": "graces_obedience",
#           "count": 2
#         },
#         {
#           "term": "vocation_laymarried",
#           "count": 1
#         },
#         {
#           "term": "superpower_visionary",
#           "count": 1
#         },
#         {
#           "term": "superpower_stigmata",
#           "count": 1
#         },
#         {
#           "term": "superpower_levitation",
#           "count": 1
#         },
#         {
#           "term": "superpower_incoruptible",
#           "count": 1
#         }
#       ]
#     }
#   }
# }

# 2013-02-08 00:34:46:602 [_search] ([:saints])
#
curl -X GET 'http://localhost:9200/saints/_search?pretty' -d '{
  "query": {
    "bool": {
      "must": [
        {
          "query_string": {
            "query": "*Mary*"
          }
        }
      ]
    }
  },
  "facets": {
    "current-tags": {
      "terms": {
        "field": "attribs",
        "size": 10,
        "all_terms": false
      }
    }
  },
  "fields": [
    "id",
    "name",
    "symbol",
    "attribs"
  ]
}'

# 2013-02-08 00:34:46:602 [200] (3 msec)
#
# {
#   "took": 3,
#   "timed_out": false,
#   "_shards": {
#     "total": 5,
#     "successful": 5,
#     "failed": 0
#   },
#   "hits": {
#     "total": 3,
#     "max_score": 1.0,
#     "hits": [
#       {
#         "_index": "saints",
#         "_type": "document",
#         "_id": "16",
#         "_score": 1.0,
#         "fields": {
#           "id": 16,
#           "symbol": "MMdPazz",
#           "name": "Mary Magdalene dei Pazzi",
#           "attribs": [
#             "worldregion_weur",
#             "consecratedlife_carmelite",
#             "gender_female",
#             "saintstatus_canonized",
#             "vocation_nun",
#             "superpower_stigmata",
#             "periodeurocentric_renaissance",
#             "feastmonth_may",
#             "graces_charity",
#             "lifeexperience_temptation",
#             "lifeexperience_physsuff",
#             "occupationsector_reli",
#             "superpower_ecstasy",
#             "century_16th",
#             "graces_humility",
#             "graces_meekness",
#             "graces_mortification",
#             "graces_obedience",
#             "graces_patience"
#           ]
#         }
#       },
#       {
#         "_index": "saints",
#         "_type": "document",
#         "_id": "13",
#         "_score": 1.0,
#         "fields": {
#           "id": 13,
#           "symbol": "TerAvil",
#           "name": "Teresa of Avila",
#           "attribs": [
#             "worldregion_weur",
#             "consecratedlife_carmelite",
#             "lifeexperience_conversion",
#             "superpower_levitation",
#             "lifeexperience_darknight",
#             "gender_female",
#             "saintstatus_canonized",
#             "vocation_nun",
#             "superpower_visionary",
#             "periodeurocentric_earlymiddle",
#             "saintstatus_doctor",
#             "superpower_incoruptible",
#             "occupationsector_reli",
#             "feastmonth_oct",
#             "century_16th",
#             "graces_obedience",
#             "graces_patience",
#             "graces_prayer"
#           ]
#         }
#       },
#       {
#         "_index": "saints",
#         "_type": "document",
#         "_id": "18",
#         "_score": 1.0,
#         "fields": {
#           "id": 18,
#           "symbol": "MMoG",
#           "name": "Mary Mother of God",
#           "attribs": [
#             "century_1st",
#             "feastmonth_jan",
#             "gender_male",
#             "periodeurocentric_earlychurch",
#             "worldregion_weur",
#             "vocation_laymarried",
#             "graces_chastity",
#             "occupationsector_home",
#             "graces_hope",
#             "graces_humility",
#             "graces_love",
#             "graces_mortification",
#             "graces_obedience",
#             "graces_patience",
#             "graces_prayer"
#           ]
#         }
#       }
#     ]
#   },
#   "facets": {
#     "current-tags": {
#       "_type": "terms",
#       "missing": 0,
#       "total": 52,
#       "other": 35,
#       "terms": [
#         {
#           "term": "worldregion_weur",
#           "count": 3
#         },
#         {
#           "term": "graces_patience",
#           "count": 3
#         },
#         {
#           "term": "vocation_nun",
#           "count": 2
#         },
#         {
#           "term": "graces_prayer",
#           "count": 2
#         },
#         {
#           "term": "graces_obedience",
#           "count": 2
#         },
#         {
#           "term": "vocation_laymarried",
#           "count": 1
#         },
#         {
#           "term": "superpower_visionary",
#           "count": 1
#         },
#         {
#           "term": "superpower_stigmata",
#           "count": 1
#         },
#         {
#           "term": "superpower_levitation",
#           "count": 1
#         },
#         {
#           "term": "superpower_incoruptible",
#           "count": 1
#         }
#       ]
#     }
#   }
# }

# 2013-02-08 00:36:43:433 [_search] ([:saints])
#
curl -X GET 'http://localhost:9200/saints/_search?pretty' -d '{
  "query": {
    "bool": {
      "must": [
        {
          "query_string": {
            "query": "*Mary*"
          }
        }
      ]
    }
  },
  "facets": {
    "current-tags": {
      "terms": {
        "field": "attribs",
        "size": 10,
        "all_terms": false
      }
    }
  },
  "fields": [
    "id",
    "name",
    "symbol",
    "attribs"
  ]
}'

# 2013-02-08 00:36:43:434 [200] (2 msec)
#
# {
#   "took": 2,
#   "timed_out": false,
#   "_shards": {
#     "total": 5,
#     "successful": 5,
#     "failed": 0
#   },
#   "hits": {
#     "total": 3,
#     "max_score": 1.0,
#     "hits": [
#       {
#         "_index": "saints",
#         "_type": "document",
#         "_id": "16",
#         "_score": 1.0,
#         "fields": {
#           "id": 16,
#           "symbol": "MMdPazz",
#           "name": "Mary Magdalene dei Pazzi",
#           "attribs": [
#             "worldregion_weur",
#             "consecratedlife_carmelite",
#             "gender_female",
#             "saintstatus_canonized",
#             "vocation_nun",
#             "superpower_stigmata",
#             "periodeurocentric_renaissance",
#             "feastmonth_may",
#             "graces_charity",
#             "lifeexperience_temptation",
#             "lifeexperience_physsuff",
#             "occupationsector_reli",
#             "superpower_ecstasy",
#             "century_16th",
#             "graces_humility",
#             "graces_meekness",
#             "graces_mortification",
#             "graces_obedience",
#             "graces_patience"
#           ]
#         }
#       },
#       {
#         "_index": "saints",
#         "_type": "document",
#         "_id": "13",
#         "_score": 1.0,
#         "fields": {
#           "id": 13,
#           "symbol": "TerAvil",
#           "name": "Teresa of Avila",
#           "attribs": [
#             "worldregion_weur",
#             "consecratedlife_carmelite",
#             "lifeexperience_conversion",
#             "superpower_levitation",
#             "lifeexperience_darknight",
#             "gender_female",
#             "saintstatus_canonized",
#             "vocation_nun",
#             "superpower_visionary",
#             "periodeurocentric_earlymiddle",
#             "saintstatus_doctor",
#             "superpower_incoruptible",
#             "occupationsector_reli",
#             "feastmonth_oct",
#             "century_16th",
#             "graces_obedience",
#             "graces_patience",
#             "graces_prayer"
#           ]
#         }
#       },
#       {
#         "_index": "saints",
#         "_type": "document",
#         "_id": "18",
#         "_score": 1.0,
#         "fields": {
#           "id": 18,
#           "symbol": "MMoG",
#           "name": "Mary Mother of God",
#           "attribs": [
#             "century_1st",
#             "feastmonth_jan",
#             "gender_male",
#             "periodeurocentric_earlychurch",
#             "worldregion_weur",
#             "vocation_laymarried",
#             "graces_chastity",
#             "occupationsector_home",
#             "graces_hope",
#             "graces_humility",
#             "graces_love",
#             "graces_mortification",
#             "graces_obedience",
#             "graces_patience",
#             "graces_prayer"
#           ]
#         }
#       }
#     ]
#   },
#   "facets": {
#     "current-tags": {
#       "_type": "terms",
#       "missing": 0,
#       "total": 52,
#       "other": 35,
#       "terms": [
#         {
#           "term": "worldregion_weur",
#           "count": 3
#         },
#         {
#           "term": "graces_patience",
#           "count": 3
#         },
#         {
#           "term": "vocation_nun",
#           "count": 2
#         },
#         {
#           "term": "graces_prayer",
#           "count": 2
#         },
#         {
#           "term": "graces_obedience",
#           "count": 2
#         },
#         {
#           "term": "vocation_laymarried",
#           "count": 1
#         },
#         {
#           "term": "superpower_visionary",
#           "count": 1
#         },
#         {
#           "term": "superpower_stigmata",
#           "count": 1
#         },
#         {
#           "term": "superpower_levitation",
#           "count": 1
#         },
#         {
#           "term": "superpower_incoruptible",
#           "count": 1
#         }
#       ]
#     }
#   }
# }

# 2013-02-08 00:37:47:908 [_search] ([:saints])
#
curl -X GET 'http://localhost:9200/saints/_search?pretty' -d '{
  "query": {
    "bool": {
      "must": [
        {
          "query_string": {
            "query": "*Mary*"
          }
        }
      ]
    }
  },
  "facets": {
    "current-tags": {
      "terms": {
        "field": "attribs",
        "size": 10,
        "all_terms": false
      }
    }
  },
  "fields": [
    "id",
    "name",
    "symbol",
    "attribs"
  ]
}'

# 2013-02-08 00:37:47:908 [200] (2 msec)
#
# {
#   "took": 2,
#   "timed_out": false,
#   "_shards": {
#     "total": 5,
#     "successful": 5,
#     "failed": 0
#   },
#   "hits": {
#     "total": 3,
#     "max_score": 1.0,
#     "hits": [
#       {
#         "_index": "saints",
#         "_type": "document",
#         "_id": "16",
#         "_score": 1.0,
#         "fields": {
#           "id": 16,
#           "symbol": "MMdPazz",
#           "name": "Mary Magdalene dei Pazzi",
#           "attribs": [
#             "worldregion_weur",
#             "consecratedlife_carmelite",
#             "gender_female",
#             "saintstatus_canonized",
#             "vocation_nun",
#             "superpower_stigmata",
#             "periodeurocentric_renaissance",
#             "feastmonth_may",
#             "graces_charity",
#             "lifeexperience_temptation",
#             "lifeexperience_physsuff",
#             "occupationsector_reli",
#             "superpower_ecstasy",
#             "century_16th",
#             "graces_humility",
#             "graces_meekness",
#             "graces_mortification",
#             "graces_obedience",
#             "graces_patience"
#           ]
#         }
#       },
#       {
#         "_index": "saints",
#         "_type": "document",
#         "_id": "13",
#         "_score": 1.0,
#         "fields": {
#           "id": 13,
#           "symbol": "TerAvil",
#           "name": "Teresa of Avila",
#           "attribs": [
#             "worldregion_weur",
#             "consecratedlife_carmelite",
#             "lifeexperience_conversion",
#             "superpower_levitation",
#             "lifeexperience_darknight",
#             "gender_female",
#             "saintstatus_canonized",
#             "vocation_nun",
#             "superpower_visionary",
#             "periodeurocentric_earlymiddle",
#             "saintstatus_doctor",
#             "superpower_incoruptible",
#             "occupationsector_reli",
#             "feastmonth_oct",
#             "century_16th",
#             "graces_obedience",
#             "graces_patience",
#             "graces_prayer"
#           ]
#         }
#       },
#       {
#         "_index": "saints",
#         "_type": "document",
#         "_id": "18",
#         "_score": 1.0,
#         "fields": {
#           "id": 18,
#           "symbol": "MMoG",
#           "name": "Mary Mother of God",
#           "attribs": [
#             "century_1st",
#             "feastmonth_jan",
#             "gender_male",
#             "periodeurocentric_earlychurch",
#             "worldregion_weur",
#             "vocation_laymarried",
#             "graces_chastity",
#             "occupationsector_home",
#             "graces_hope",
#             "graces_humility",
#             "graces_love",
#             "graces_mortification",
#             "graces_obedience",
#             "graces_patience",
#             "graces_prayer"
#           ]
#         }
#       }
#     ]
#   },
#   "facets": {
#     "current-tags": {
#       "_type": "terms",
#       "missing": 0,
#       "total": 52,
#       "other": 35,
#       "terms": [
#         {
#           "term": "worldregion_weur",
#           "count": 3
#         },
#         {
#           "term": "graces_patience",
#           "count": 3
#         },
#         {
#           "term": "vocation_nun",
#           "count": 2
#         },
#         {
#           "term": "graces_prayer",
#           "count": 2
#         },
#         {
#           "term": "graces_obedience",
#           "count": 2
#         },
#         {
#           "term": "vocation_laymarried",
#           "count": 1
#         },
#         {
#           "term": "superpower_visionary",
#           "count": 1
#         },
#         {
#           "term": "superpower_stigmata",
#           "count": 1
#         },
#         {
#           "term": "superpower_levitation",
#           "count": 1
#         },
#         {
#           "term": "superpower_incoruptible",
#           "count": 1
#         }
#       ]
#     }
#   }
# }

# 2013-02-08 00:38:47:474 [_search] ([:saints])
#
curl -X GET 'http://localhost:9200/saints/_search?pretty' -d '{
  "query": {
    "bool": {
      "must": [
        {
          "query_string": {
            "query": "*Mary*"
          }
        }
      ]
    }
  },
  "facets": {
    "current-tags": {
      "terms": {
        "field": "attribs",
        "size": 10,
        "all_terms": false
      }
    }
  },
  "fields": [
    "id",
    "name",
    "symbol",
    "attribs"
  ]
}'

# 2013-02-08 00:38:47:474 [200] (2 msec)
#
# {
#   "took": 2,
#   "timed_out": false,
#   "_shards": {
#     "total": 5,
#     "successful": 5,
#     "failed": 0
#   },
#   "hits": {
#     "total": 3,
#     "max_score": 1.0,
#     "hits": [
#       {
#         "_index": "saints",
#         "_type": "document",
#         "_id": "16",
#         "_score": 1.0,
#         "fields": {
#           "id": 16,
#           "symbol": "MMdPazz",
#           "name": "Mary Magdalene dei Pazzi",
#           "attribs": [
#             "worldregion_weur",
#             "consecratedlife_carmelite",
#             "gender_female",
#             "saintstatus_canonized",
#             "vocation_nun",
#             "superpower_stigmata",
#             "periodeurocentric_renaissance",
#             "feastmonth_may",
#             "graces_charity",
#             "lifeexperience_temptation",
#             "lifeexperience_physsuff",
#             "occupationsector_reli",
#             "superpower_ecstasy",
#             "century_16th",
#             "graces_humility",
#             "graces_meekness",
#             "graces_mortification",
#             "graces_obedience",
#             "graces_patience"
#           ]
#         }
#       },
#       {
#         "_index": "saints",
#         "_type": "document",
#         "_id": "13",
#         "_score": 1.0,
#         "fields": {
#           "id": 13,
#           "symbol": "TerAvil",
#           "name": "Teresa of Avila",
#           "attribs": [
#             "worldregion_weur",
#             "consecratedlife_carmelite",
#             "lifeexperience_conversion",
#             "superpower_levitation",
#             "lifeexperience_darknight",
#             "gender_female",
#             "saintstatus_canonized",
#             "vocation_nun",
#             "superpower_visionary",
#             "periodeurocentric_earlymiddle",
#             "saintstatus_doctor",
#             "superpower_incoruptible",
#             "occupationsector_reli",
#             "feastmonth_oct",
#             "century_16th",
#             "graces_obedience",
#             "graces_patience",
#             "graces_prayer"
#           ]
#         }
#       },
#       {
#         "_index": "saints",
#         "_type": "document",
#         "_id": "18",
#         "_score": 1.0,
#         "fields": {
#           "id": 18,
#           "symbol": "MMoG",
#           "name": "Mary Mother of God",
#           "attribs": [
#             "century_1st",
#             "feastmonth_jan",
#             "gender_male",
#             "periodeurocentric_earlychurch",
#             "worldregion_weur",
#             "vocation_laymarried",
#             "graces_chastity",
#             "occupationsector_home",
#             "graces_hope",
#             "graces_humility",
#             "graces_love",
#             "graces_mortification",
#             "graces_obedience",
#             "graces_patience",
#             "graces_prayer"
#           ]
#         }
#       }
#     ]
#   },
#   "facets": {
#     "current-tags": {
#       "_type": "terms",
#       "missing": 0,
#       "total": 52,
#       "other": 35,
#       "terms": [
#         {
#           "term": "worldregion_weur",
#           "count": 3
#         },
#         {
#           "term": "graces_patience",
#           "count": 3
#         },
#         {
#           "term": "vocation_nun",
#           "count": 2
#         },
#         {
#           "term": "graces_prayer",
#           "count": 2
#         },
#         {
#           "term": "graces_obedience",
#           "count": 2
#         },
#         {
#           "term": "vocation_laymarried",
#           "count": 1
#         },
#         {
#           "term": "superpower_visionary",
#           "count": 1
#         },
#         {
#           "term": "superpower_stigmata",
#           "count": 1
#         },
#         {
#           "term": "superpower_levitation",
#           "count": 1
#         },
#         {
#           "term": "superpower_incoruptible",
#           "count": 1
#         }
#       ]
#     }
#   }
# }

# 2013-02-08 00:39:16:714 [_search] ([:saints])
#
curl -X GET 'http://localhost:9200/saints/_search?pretty' -d '{
  "query": {
    "bool": {
      "must": [
        {
          "query_string": {
            "query": "*Mary*"
          }
        }
      ]
    }
  },
  "facets": {
    "current-tags": {
      "terms": {
        "field": "attribs",
        "size": 10,
        "all_terms": false
      }
    }
  },
  "fields": [
    "id",
    "name",
    "symbol",
    "attribs"
  ]
}'

# 2013-02-08 00:39:16:714 [200] (4 msec)
#
# {
#   "took": 4,
#   "timed_out": false,
#   "_shards": {
#     "total": 5,
#     "successful": 5,
#     "failed": 0
#   },
#   "hits": {
#     "total": 3,
#     "max_score": 1.0,
#     "hits": [
#       {
#         "_index": "saints",
#         "_type": "document",
#         "_id": "16",
#         "_score": 1.0,
#         "fields": {
#           "id": 16,
#           "symbol": "MMdPazz",
#           "name": "Mary Magdalene dei Pazzi",
#           "attribs": [
#             "worldregion_weur",
#             "consecratedlife_carmelite",
#             "gender_female",
#             "saintstatus_canonized",
#             "vocation_nun",
#             "superpower_stigmata",
#             "periodeurocentric_renaissance",
#             "feastmonth_may",
#             "graces_charity",
#             "lifeexperience_temptation",
#             "lifeexperience_physsuff",
#             "occupationsector_reli",
#             "superpower_ecstasy",
#             "century_16th",
#             "graces_humility",
#             "graces_meekness",
#             "graces_mortification",
#             "graces_obedience",
#             "graces_patience"
#           ]
#         }
#       },
#       {
#         "_index": "saints",
#         "_type": "document",
#         "_id": "13",
#         "_score": 1.0,
#         "fields": {
#           "id": 13,
#           "symbol": "TerAvil",
#           "name": "Teresa of Avila",
#           "attribs": [
#             "worldregion_weur",
#             "consecratedlife_carmelite",
#             "lifeexperience_conversion",
#             "superpower_levitation",
#             "lifeexperience_darknight",
#             "gender_female",
#             "saintstatus_canonized",
#             "vocation_nun",
#             "superpower_visionary",
#             "periodeurocentric_earlymiddle",
#             "saintstatus_doctor",
#             "superpower_incoruptible",
#             "occupationsector_reli",
#             "feastmonth_oct",
#             "century_16th",
#             "graces_obedience",
#             "graces_patience",
#             "graces_prayer"
#           ]
#         }
#       },
#       {
#         "_index": "saints",
#         "_type": "document",
#         "_id": "18",
#         "_score": 1.0,
#         "fields": {
#           "id": 18,
#           "symbol": "MMoG",
#           "name": "Mary Mother of God",
#           "attribs": [
#             "century_1st",
#             "feastmonth_jan",
#             "gender_male",
#             "periodeurocentric_earlychurch",
#             "worldregion_weur",
#             "vocation_laymarried",
#             "graces_chastity",
#             "occupationsector_home",
#             "graces_hope",
#             "graces_humility",
#             "graces_love",
#             "graces_mortification",
#             "graces_obedience",
#             "graces_patience",
#             "graces_prayer"
#           ]
#         }
#       }
#     ]
#   },
#   "facets": {
#     "current-tags": {
#       "_type": "terms",
#       "missing": 0,
#       "total": 52,
#       "other": 35,
#       "terms": [
#         {
#           "term": "worldregion_weur",
#           "count": 3
#         },
#         {
#           "term": "graces_patience",
#           "count": 3
#         },
#         {
#           "term": "vocation_nun",
#           "count": 2
#         },
#         {
#           "term": "graces_prayer",
#           "count": 2
#         },
#         {
#           "term": "graces_obedience",
#           "count": 2
#         },
#         {
#           "term": "vocation_laymarried",
#           "count": 1
#         },
#         {
#           "term": "superpower_visionary",
#           "count": 1
#         },
#         {
#           "term": "superpower_stigmata",
#           "count": 1
#         },
#         {
#           "term": "superpower_levitation",
#           "count": 1
#         },
#         {
#           "term": "superpower_incoruptible",
#           "count": 1
#         }
#       ]
#     }
#   }
# }

